<?xml version="1.0" encoding="UTF-8"?>
<testng-results skipped="0" failed="0" ignored="0" total="1" passed="1">
  <reporter-output>
  </reporter-output>
  <suite name="Default suite" duration-ms="14914" started-at="2019-09-05T17:25:28Z" finished-at="2019-09-05T17:25:43Z">
    <groups>
    </groups>
    <test name="Default test" duration-ms="14914" started-at="2019-09-05T17:25:28Z" finished-at="2019-09-05T17:25:43Z">
      <class name="practiceSessions.AutoIT">
        <test-method status="PASS" signature="MouseHover()[pri:0, instance:practiceSessions.AutoIT@396a51ab]" name="MouseHover" duration-ms="14867" started-at="2019-09-05T17:25:28Z" finished-at="2019-09-05T17:25:43Z">
          <reporter-output>
          </reporter-output>
        </test-method> <!-- MouseHover -->
      </class> <!-- practiceSessions.AutoIT -->
    </test> <!-- Default test -->
  </suite> <!-- Default suite -->
</testng-results>
